TN:
SF:./javascripts/kodash.js
FN:1,(anonymous_1)
FN:8,(anonymous_2)
FN:11,findNameMethodSignatureContaining
FN:17,findSubObjectWithProperty
FN:30,isLodash
FN:34,kodashWrapper
FN:45,getKeyFromLength
FN:56,getIndexFromKey
FN:66,resolveIndexFromPaths
FN:72,(anonymous_10)
FN:86,(anonymous_11)
FN:89,(anonymous_12)
FN:96,(anonymous_13)
FN:97,(anonymous_14)
FN:106,(anonymous_15)
FN:109,(anonymous_16)
FN:111,(anonymous_17)
FN:112,(anonymous_18)
FN:123,(anonymous_19)
FN:130,(anonymous_20)
FN:139,(anonymous_21)
FN:168,(anonymous_22)
FN:174,(anonymous_23)
FN:192,createUnwrappedComputed
FN:193,(anonymous_25)
FN:198,createComputedGroup
FN:201,(anonymous_27)
FN:204,(anonymous_28)
FN:230,(anonymous_29)
FN:239,(anonymous_30)
FN:251,(anonymous_31)
FN:258,(anonymous_32)
FN:261,(anonymous_33)
FN:264,(anonymous_34)
FN:268,(anonymous_35)
FN:307,(anonymous_36)
FNF:36
FNH:29
FNDA:1,(anonymous_1)
FNDA:1,(anonymous_2)
FNDA:1,findNameMethodSignatureContaining
FNDA:1,findSubObjectWithProperty
FNDA:65,isLodash
FNDA:122,kodashWrapper
FNDA:91,getKeyFromLength
FNDA:2,getIndexFromKey
FNDA:2,resolveIndexFromPaths
FNDA:91,(anonymous_10)
FNDA:64,(anonymous_11)
FNDA:63,(anonymous_12)
FNDA:157,(anonymous_13)
FNDA:46,(anonymous_14)
FNDA:1,(anonymous_15)
FNDA:1,(anonymous_16)
FNDA:0,(anonymous_17)
FNDA:0,(anonymous_18)
FNDA:0,(anonymous_19)
FNDA:0,(anonymous_20)
FNDA:1,(anonymous_21)
FNDA:1,(anonymous_22)
FNDA:44,(anonymous_23)
FNDA:44,createUnwrappedComputed
FNDA:62,(anonymous_25)
FNDA:44,createComputedGroup
FNDA:44,(anonymous_27)
FNDA:62,(anonymous_28)
FNDA:62,(anonymous_29)
FNDA:62,(anonymous_30)
FNDA:0,(anonymous_31)
FNDA:0,(anonymous_32)
FNDA:0,(anonymous_33)
FNDA:62,(anonymous_34)
FNDA:64,(anonymous_35)
FNDA:31,(anonymous_36)
DA:1,1
DA:3,1
DA:4,1
DA:6,0
DA:11,1
DA:12,1
DA:13,1
DA:14,1
DA:17,1
DA:18,1
DA:19,13
DA:20,1
DA:22,1
DA:30,1
DA:31,65
DA:34,1
DA:35,122
DA:39,122
DA:40,31
DA:45,1
DA:46,91
DA:47,91
DA:48,91
DA:49,91
DA:50,91
DA:51,91
DA:53,91
DA:56,1
DA:57,2
DA:58,2
DA:59,2
DA:60,1
DA:61,1
DA:63,2
DA:66,1
DA:67,2
DA:68,2
DA:69,2
DA:71,1
DA:72,1
DA:73,91
DA:74,91
DA:84,91
DA:86,1
DA:87,64
DA:88,64
DA:89,64
DA:90,63
DA:91,63
DA:92,63
DA:94,64
DA:96,1
DA:97,157
DA:98,46
DA:99,46
DA:100,46
DA:104,1
DA:105,1
DA:107,1
DA:108,1
DA:109,1
DA:110,1
DA:111,0
DA:112,0
DA:113,0
DA:114,0
DA:115,0
DA:123,1
DA:124,0
DA:125,0
DA:126,0
DA:128,0
DA:130,1
DA:131,0
DA:132,0
DA:133,0
DA:134,0
DA:135,0
DA:137,0
DA:139,1
DA:140,1
DA:146,1
DA:147,1
DA:148,0
DA:149,1
DA:151,1
DA:152,1
DA:153,1
DA:154,1
DA:155,1
DA:156,1
DA:157,1
DA:158,1
DA:159,2
DA:160,2
DA:161,2
DA:162,2
DA:163,2
DA:166,1
DA:168,1
DA:169,1
DA:170,1
DA:171,1
DA:172,1
DA:174,1
DA:175,44
DA:176,44
DA:177,44
DA:178,44
DA:180,1
DA:192,1
DA:193,44
DA:194,62
DA:198,1
DA:199,44
DA:200,44
DA:201,44
DA:202,44
DA:204,44
DA:205,62
DA:210,62
DA:211,44
DA:212,0
DA:213,44
DA:215,62
DA:216,62
DA:217,62
DA:218,0
DA:219,62
DA:220,62
DA:222,62
DA:223,62
DA:224,62
DA:225,62
DA:228,44
DA:230,1
DA:231,62
DA:232,62
DA:233,62
DA:234,62
DA:235,62
DA:237,62
DA:239,1
DA:240,62
DA:241,62
DA:242,62
DA:243,62
DA:244,62
DA:245,62
DA:246,0
DA:247,62
DA:248,56
DA:249,62
DA:251,1
DA:252,0
DA:253,0
DA:254,0
DA:255,0
DA:256,0
DA:258,1
DA:259,0
DA:261,1
DA:262,0
DA:264,1
DA:265,62
DA:268,62
DA:269,64
DA:270,64
DA:273,64
DA:274,64
DA:275,62
DA:276,62
DA:277,2
DA:278,2
DA:279,2
DA:281,0
DA:282,0
DA:283,0
DA:284,0
DA:285,0
DA:286,0
DA:289,2
DA:290,0
DA:291,2
DA:292,2
DA:293,2
DA:294,0
DA:295,0
DA:297,0
DA:299,64
DA:300,64
DA:302,62
DA:303,62
DA:304,62
DA:307,1
DA:308,31
LF:196
LH:159
BRDA:3,1,0,1
BRDA:3,1,1,0
BRDA:3,2,0,1
BRDA:3,2,1,1
BRDA:13,3,0,1
BRDA:13,3,1,0
BRDA:13,4,0,1
BRDA:13,4,1,1
BRDA:13,4,2,1
BRDA:19,5,0,1
BRDA:19,5,1,12
BRDA:19,6,0,13
BRDA:19,6,1,13
BRDA:19,6,2,13
BRDA:31,7,0,65
BRDA:31,7,1,65
BRDA:31,7,2,65
BRDA:31,7,3,65
BRDA:39,8,0,31
BRDA:39,8,1,91
BRDA:51,9,0,0
BRDA:51,9,1,91
BRDA:68,10,0,0
BRDA:68,10,1,2
BRDA:110,11,0,0
BRDA:110,11,1,1
BRDA:125,12,0,0
BRDA:125,12,1,0
BRDA:133,13,0,0
BRDA:133,13,1,0
BRDA:146,14,0,2
BRDA:146,14,1,2
BRDA:146,15,0,2
BRDA:146,15,1,1
BRDA:147,16,0,0
BRDA:147,16,1,1
BRDA:155,17,0,1
BRDA:155,17,1,0
BRDA:157,18,0,1
BRDA:157,18,1,0
BRDA:161,19,0,0
BRDA:161,19,1,2
BRDA:172,20,0,1
BRDA:172,20,1,1
BRDA:199,21,0,44
BRDA:199,21,1,44
BRDA:210,22,0,106
BRDA:210,22,1,100
BRDA:210,23,0,106
BRDA:210,23,1,44
BRDA:211,24,0,0
BRDA:211,24,1,44
BRDA:217,25,0,0
BRDA:217,25,1,62
BRDA:231,26,0,62
BRDA:231,26,1,0
BRDA:234,27,0,0
BRDA:234,27,1,62
BRDA:235,28,0,18
BRDA:235,28,1,44
BRDA:245,29,0,0
BRDA:245,29,1,62
BRDA:247,30,0,56
BRDA:247,30,1,6
BRDA:252,31,0,0
BRDA:252,31,1,0
BRDA:274,32,0,62
BRDA:274,32,1,2
BRDA:277,33,0,2
BRDA:277,33,1,0
BRDA:278,34,0,2
BRDA:278,34,1,0
BRDA:283,35,0,0
BRDA:283,35,1,0
BRDA:284,36,0,0
BRDA:284,36,1,0
BRDA:289,37,0,0
BRDA:289,37,1,2
BRDA:289,38,0,2
BRDA:289,38,1,2
BRDA:293,39,0,2
BRDA:293,39,1,0
BRDA:294,40,0,0
BRDA:294,40,1,0
BRDA:297,41,0,0
BRDA:297,41,1,0
BRDA:297,41,2,0
BRDA:300,42,0,64
BRDA:300,42,1,0
BRDA:302,43,0,62
BRDA:302,43,1,0
BRF:91
BRH:56
end_of_record
