TN:
SF:./javascripts/kodash.js
FN:1,(anonymous_1)
FN:8,(anonymous_2)
FN:11,findNameMethodSignatureContaining
FN:17,findSubObjectWithProperty
FN:30,isLodash
FN:34,kodashWrapper
FN:43,(anonymous_7)
FN:52,getKeyFromLength
FN:63,getIndexFromKey
FN:73,resolveIndexFromPaths
FN:79,(anonymous_11)
FN:92,(anonymous_12)
FN:95,(anonymous_13)
FN:102,(anonymous_14)
FN:103,(anonymous_15)
FN:112,(anonymous_16)
FN:115,(anonymous_17)
FN:117,(anonymous_18)
FN:118,(anonymous_19)
FN:128,(anonymous_20)
FN:137,(anonymous_21)
FN:159,(anonymous_22)
FN:165,(anonymous_23)
FN:181,createUnwrappedComputed
FN:182,(anonymous_25)
FN:187,createComputedGroup
FN:189,(anonymous_27)
FN:197,(anonymous_28)
FN:223,(anonymous_29)
FN:227,(anonymous_30)
FN:267,(anonymous_31)
FN:281,(anonymous_32)
FN:318,(anonymous_33)
FN:329,(anonymous_34)
FN:336,(anonymous_35)
FN:344,(anonymous_36)
FN:352,(anonymous_37)
FN:359,(anonymous_38)
FN:362,(anonymous_39)
FN:365,(anonymous_40)
FNF:40
FNH:36
FNDA:1,(anonymous_1)
FNDA:1,(anonymous_2)
FNDA:1,findNameMethodSignatureContaining
FNDA:1,findSubObjectWithProperty
FNDA:187,isLodash
FNDA:146,kodashWrapper
FNDA:43,(anonymous_7)
FNDA:111,getKeyFromLength
FNDA:27,getIndexFromKey
FNDA:27,resolveIndexFromPaths
FNDA:111,(anonymous_11)
FNDA:123,(anonymous_12)
FNDA:122,(anonymous_13)
FNDA:157,(anonymous_14)
FNDA:58,(anonymous_15)
FNDA:1,(anonymous_16)
FNDA:1,(anonymous_17)
FNDA:0,(anonymous_18)
FNDA:0,(anonymous_19)
FNDA:0,(anonymous_20)
FNDA:1,(anonymous_21)
FNDA:1,(anonymous_22)
FNDA:52,(anonymous_23)
FNDA:52,createUnwrappedComputed
FNDA:74,(anonymous_25)
FNDA:104,createComputedGroup
FNDA:84,(anonymous_27)
FNDA:114,(anonymous_28)
FNDA:116,(anonymous_29)
FNDA:122,(anonymous_30)
FNDA:20,(anonymous_31)
FNDA:24,(anonymous_32)
FNDA:104,(anonymous_33)
FNDA:114,(anonymous_34)
FNDA:114,(anonymous_35)
FNDA:115,(anonymous_36)
FNDA:2,(anonymous_37)
FNDA:52,(anonymous_38)
FNDA:0,(anonymous_39)
FNDA:35,(anonymous_40)
DA:1,1
DA:3,1
DA:4,1
DA:6,0
DA:11,1
DA:12,1
DA:13,1
DA:14,1
DA:17,1
DA:18,1
DA:19,13
DA:20,1
DA:22,1
DA:30,1
DA:31,187
DA:34,1
DA:35,146
DA:41,146
DA:42,35
DA:43,35
DA:44,43
DA:48,35
DA:52,1
DA:53,111
DA:54,111
DA:55,111
DA:56,111
DA:57,111
DA:58,111
DA:60,111
DA:63,1
DA:64,27
DA:65,27
DA:66,27
DA:67,22
DA:68,22
DA:70,27
DA:73,1
DA:74,27
DA:75,27
DA:76,27
DA:78,1
DA:79,1
DA:80,111
DA:81,111
DA:90,111
DA:92,1
DA:93,123
DA:94,123
DA:95,123
DA:96,122
DA:97,122
DA:98,122
DA:100,123
DA:102,1
DA:103,157
DA:104,58
DA:105,58
DA:106,58
DA:110,1
DA:111,1
DA:113,1
DA:114,1
DA:115,1
DA:116,1
DA:117,0
DA:118,0
DA:119,0
DA:120,0
DA:121,0
DA:128,1
DA:129,0
DA:130,0
DA:131,0
DA:132,0
DA:133,0
DA:135,0
DA:137,1
DA:138,1
DA:144,1
DA:145,2
DA:146,0
DA:147,2
DA:149,1
DA:150,1
DA:151,1
DA:152,3
DA:153,3
DA:154,3
DA:157,1
DA:159,1
DA:160,1
DA:161,1
DA:162,1
DA:163,1
DA:165,1
DA:166,52
DA:167,52
DA:168,52
DA:169,52
DA:171,1
DA:181,1
DA:182,52
DA:183,74
DA:187,1
DA:188,104
DA:190,84
DA:193,104
DA:194,20
DA:196,84
DA:197,84
DA:198,114
DA:202,114
DA:203,114
DA:204,0
DA:205,114
DA:206,114
DA:207,0
DA:208,114
DA:209,114
DA:211,114
DA:212,114
DA:213,114
DA:214,114
DA:217,84
DA:218,84
DA:219,84
DA:223,1
DA:224,116
DA:227,116
DA:228,122
DA:229,122
DA:230,122
DA:233,122
DA:234,122
DA:235,74
DA:236,74
DA:237,48
DA:238,48
DA:239,46
DA:241,2
DA:242,2
DA:243,2
DA:244,2
DA:245,2
DA:246,2
DA:249,46
DA:250,0
DA:251,46
DA:252,46
DA:253,46
DA:254,32
DA:256,14
DA:258,122
DA:259,122
DA:262,116
DA:263,116
DA:264,116
DA:267,1
DA:268,20
DA:271,20
DA:272,20
DA:274,20
DA:275,20
DA:276,20
DA:277,20
DA:278,20
DA:279,20
DA:281,1
DA:282,24
DA:284,24
DA:286,24
DA:289,24
DA:290,24
DA:291,0
DA:292,0
DA:293,24
DA:294,24
DA:295,20
DA:297,4
DA:298,4
DA:299,4
DA:300,4
DA:303,20
DA:304,0
DA:305,20
DA:306,20
DA:307,20
DA:308,20
DA:310,24
DA:311,24
DA:312,24
DA:313,4
DA:314,4
DA:316,24
DA:318,1
DA:319,104
DA:320,88
DA:321,88
DA:323,104
DA:324,104
DA:325,52
DA:327,104
DA:329,1
DA:330,114
DA:331,114
DA:332,0
DA:334,114
DA:336,1
DA:337,114
DA:338,114
DA:339,114
DA:340,114
DA:342,114
DA:344,1
DA:345,115
DA:346,115
DA:347,115
DA:348,115
DA:349,115
DA:350,115
DA:352,1
DA:353,2
DA:354,2
DA:355,2
DA:356,2
DA:357,2
DA:359,1
DA:360,52
DA:362,1
DA:363,0
DA:365,1
DA:366,35
LF:233
LH:212
BRDA:3,1,0,1
BRDA:3,1,1,0
BRDA:3,2,0,1
BRDA:3,2,1,1
BRDA:13,3,0,1
BRDA:13,3,1,0
BRDA:13,4,0,1
BRDA:13,4,1,1
BRDA:13,4,2,1
BRDA:19,5,0,1
BRDA:19,5,1,12
BRDA:19,6,0,13
BRDA:19,6,1,13
BRDA:19,6,2,13
BRDA:31,7,0,187
BRDA:31,7,1,187
BRDA:31,7,2,187
BRDA:31,7,3,187
BRDA:41,8,0,35
BRDA:41,8,1,111
BRDA:58,9,0,0
BRDA:58,9,1,111
BRDA:75,10,0,21
BRDA:75,10,1,6
BRDA:116,11,0,0
BRDA:116,11,1,1
BRDA:131,12,0,0
BRDA:131,12,1,0
BRDA:144,13,0,3
BRDA:144,13,1,2
BRDA:144,14,0,3
BRDA:144,14,1,2
BRDA:145,15,0,0
BRDA:145,15,1,2
BRDA:150,16,0,1
BRDA:150,16,1,0
BRDA:163,17,0,1
BRDA:163,17,1,1
BRDA:183,18,0,74
BRDA:183,18,1,0
BRDA:193,19,0,20
BRDA:193,19,1,84
BRDA:193,20,0,104
BRDA:193,20,1,52
BRDA:196,21,0,84
BRDA:196,21,1,84
BRDA:203,22,0,0
BRDA:203,22,1,114
BRDA:206,23,0,0
BRDA:206,23,1,114
BRDA:218,24,0,84
BRDA:218,24,1,84
BRDA:228,25,0,122
BRDA:228,25,1,0
BRDA:234,26,0,74
BRDA:234,26,1,48
BRDA:237,27,0,48
BRDA:237,27,1,0
BRDA:238,28,0,46
BRDA:238,28,1,2
BRDA:243,29,0,2
BRDA:243,29,1,0
BRDA:249,30,0,0
BRDA:249,30,1,46
BRDA:249,31,0,46
BRDA:249,31,1,46
BRDA:253,32,0,32
BRDA:253,32,1,14
BRDA:256,33,0,14
BRDA:256,33,1,0
BRDA:256,33,2,0
BRDA:259,34,0,122
BRDA:259,34,1,2
BRDA:262,35,0,116
BRDA:262,35,1,0
BRDA:271,36,0,40
BRDA:271,36,1,20
BRDA:275,37,0,20
BRDA:275,37,1,0
BRDA:290,38,0,0
BRDA:290,38,1,24
BRDA:293,39,0,24
BRDA:293,39,1,0
BRDA:294,40,0,20
BRDA:294,40,1,4
BRDA:303,41,0,0
BRDA:303,41,1,20
BRDA:303,42,0,20
BRDA:303,42,1,20
BRDA:311,43,0,24
BRDA:311,43,1,4
BRDA:312,44,0,4
BRDA:312,44,1,20
BRDA:319,45,0,192
BRDA:319,45,1,192
BRDA:319,46,0,192
BRDA:319,46,1,88
BRDA:324,47,0,52
BRDA:324,47,1,52
BRDA:331,48,0,0
BRDA:331,48,1,114
BRDA:331,49,0,114
BRDA:331,49,1,114
BRDA:331,50,0,114
BRDA:331,50,1,0
BRDA:337,51,0,114
BRDA:337,51,1,0
BRDA:348,52,0,115
BRDA:348,52,1,103
BRDA:353,53,0,0
BRDA:353,53,1,2
BRDA:357,54,0,2
BRDA:357,54,1,0
BRF:113
BRH:86
end_of_record
